<?xml version="1.0" encoding="UTF-8"?>
<!-- Generated by org.testng.reporters.JUnitXMLReporter -->
<testsuite ignored="4" hostname="DESKTOP-CVL2K4K" failures="0" tests="1" name="Default test" time="3.214" errors="0" timestamp="2025-02-11T11:39:41 IST">
  <testcase classname="apiLearning.apiAssured" name="aappii" time="3.173"/>
  <testcase classname="apiLearning.apiAssured" name="Post" time="0.0">
    <ignored/>
  </testcase> <!-- Post -->
  <testcase classname="apiLearning.apiAssured" name="samplegetExample" time="0.0">
    <ignored/>
  </testcase> <!-- samplegetExample -->
  <testcase classname="apiLearning.apiAssured" name="Delete" time="0.0">
    <ignored/>
  </testcase> <!-- Delete -->
  <testcase classname="apiLearning.apiAssured" name="put" time="0.0">
    <ignored/>
  </testcase> <!-- put -->
</testsuite> <!-- Default test -->
