<?xml version="1.0" encoding="UTF-8"?>
<testng-results ignored="0" total="1" passed="1" failed="0" skipped="0">
  <reporter-output>
  </reporter-output>
  <suite started-at="2025-02-11T11:39:38 IST" name="Default suite" finished-at="2025-02-11T11:39:41 IST" duration-ms="3214">
    <groups>
    </groups>
    <test started-at="2025-02-11T11:39:38 IST" name="Default test" finished-at="2025-02-11T11:39:41 IST" duration-ms="3214">
      <class name="apiLearning.apiAssured">
        <test-method signature="aappii()[pri:0, instance:apiLearning.apiAssured@7530ad9c]" started-at="2025-02-11T11:39:38 IST" name="aappii" finished-at="2025-02-11T11:39:41 IST" duration-ms="3173" status="PASS">
          <reporter-output>
          </reporter-output>
        </test-method> <!-- aappii -->
      </class> <!-- apiLearning.apiAssured -->
    </test> <!-- Default test -->
  </suite> <!-- Default suite -->
</testng-results>
